<?xml version="1.0" encoding="UTF-8" ?>
<testsuite tests="6" failures="0" name="org.openbaton.nfvo.repositories.tests.RepositoriesClassSuiteTest" time="2.477" errors="0" skipped="0">
  <properties>
[...]
</properties>
  <testcase classname="org.openbaton.nfvo.repositories.tests.RepositoriesClassSuiteTest" name="repositoryNotNullTest" time="0.17"/>
  <testcase classname="org.openbaton.nfvo.repositories.tests.RepositoriesClassSuiteTest" name="createEntityTest" time="0.616"/>
  <testcase classname="org.openbaton.nfvo.repositories.tests.RepositoriesClassSuiteTest" name="nsdRepositoryPersistTest" time="0.165"/>
  <testcase classname="org.openbaton.nfvo.repositories.tests.RepositoriesClassSuiteTest" name="nsdRepositoryFindTest" time="0.009"/>
  <testcase classname="org.openbaton.nfvo.repositories.tests.RepositoriesClassSuiteTest" name="findEntityTest" time="0.243"/>
  <testcase classname="org.openbaton.nfvo.repositories.tests.RepositoriesClassSuiteTest" name="nsdRepositoryMergeTest" time="1.274"/>
</testsuite>